<?xml version="1.0" encoding="UTF-8" ?>
<testsuite tests="45" failures="0" name="org.overture.typechecker.tests.ClassesPpTypeCheckTest" time="10.235" errors="0" skipped="0">
  <properties>
[...]
</properties>
  <testcase classname="org.overture.typechecker.tests.ClassesPpTypeCheckTest" name="test[AAFirstTest]" time="0.6"/>
  <testcase classname="org.overture.typechecker.tests.ClassesPpTypeCheckTest" name="test[AccessModifier]" time="0.082"/>
  <testcase classname="org.overture.typechecker.tests.ClassesPpTypeCheckTest" name="test[AlarmPP]" time="0.198"/>
  <testcase classname="org.overture.typechecker.tests.ClassesPpTypeCheckTest" name="test[AlarmproofPP]" time="0.092"/>
  <testcase classname="org.overture.typechecker.tests.ClassesPpTypeCheckTest" name="test[AlarmtracesPP]" time="0.088"/>
  <testcase classname="org.overture.typechecker.tests.ClassesPpTypeCheckTest" name="test[AutopilotPP]" time="0.079"/>
  <testcase classname="org.overture.typechecker.tests.ClassesPpTypeCheckTest" name="test[buffersPP]" time="0.033"/>
  <testcase classname="org.overture.typechecker.tests.ClassesPpTypeCheckTest" name="test[CashDispenserConcPP]" time="0.864"/>
  <testcase classname="org.overture.typechecker.tests.ClassesPpTypeCheckTest" name="test[CashDispenserPP]" time="0.377"/>
  <testcase classname="org.overture.typechecker.tests.ClassesPpTypeCheckTest" name="test[CMConcPP]" time="0.226"/>
  <testcase classname="org.overture.typechecker.tests.ClassesPpTypeCheckTest" name="test[CMSeqPP]" time="0.246"/>
  <testcase classname="org.overture.typechecker.tests.ClassesPpTypeCheckTest" name="test[CodegenPP]" time="0.515"/>
  <testcase classname="org.overture.typechecker.tests.ClassesPpTypeCheckTest" name="test[concfactorialPP]" time="0.077"/>
  <testcase classname="org.overture.typechecker.tests.ClassesPpTypeCheckTest" name="test[ConstructorReturn]" time="0.01"/>
  <testcase classname="org.overture.typechecker.tests.ClassesPpTypeCheckTest" name="test[diet2japanPP]" time="0.029"/>
  <testcase classname="org.overture.typechecker.tests.ClassesPpTypeCheckTest" name="test[DiningPP]" time="0.045"/>
  <testcase classname="org.overture.typechecker.tests.ClassesPpTypeCheckTest" name="test[ElectronicPursePP]" time="0.026"/>
  <testcase classname="org.overture.typechecker.tests.ClassesPpTypeCheckTest" name="test[EnigmaPP]" time="0.127"/>
  <testcase classname="org.overture.typechecker.tests.ClassesPpTypeCheckTest" name="test[FactorialPP]" time="0"/>
  <testcase classname="org.overture.typechecker.tests.ClassesPpTypeCheckTest" name="test[HomeAutomationConcPP]" time="0.608"/>
  <testcase classname="org.overture.typechecker.tests.ClassesPpTypeCheckTest" name="test[HomeautomationSeqPP]" time="0.177"/>
  <testcase classname="org.overture.typechecker.tests.ClassesPpTypeCheckTest" name="test[KLVPP]" time="0.215"/>
  <testcase classname="org.overture.typechecker.tests.ClassesPpTypeCheckTest" name="test[memoryproofPP]" time="0.682"/>
  <testcase classname="org.overture.typechecker.tests.ClassesPpTypeCheckTest" name="test[MondexPP]" time="0.051"/>
  <testcase classname="org.overture.typechecker.tests.ClassesPpTypeCheckTest" name="test[MSAWconcurPP]" time="0.51"/>
  <testcase classname="org.overture.typechecker.tests.ClassesPpTypeCheckTest" name="test[MSAWseqPP]" time="0.563"/>
  <testcase classname="org.overture.typechecker.tests.ClassesPpTypeCheckTest" name="test[ObjectDesignatorInTrace]" time="0"/>
  <testcase classname="org.overture.typechecker.tests.ClassesPpTypeCheckTest" name="test[PacemakerConcPP]" time="0.777"/>
  <testcase classname="org.overture.typechecker.tests.ClassesPpTypeCheckTest" name="test[PacemakerSeqPP]" time="0.279"/>
  <testcase classname="org.overture.typechecker.tests.ClassesPpTypeCheckTest" name="test[PacemakerSimplePP]" time="0.024"/>
  <testcase classname="org.overture.typechecker.tests.ClassesPpTypeCheckTest" name="test[POP3PP]" time="0.296"/>
  <testcase classname="org.overture.typechecker.tests.ClassesPpTypeCheckTest" name="test[ProductLinePP]" time="0.132"/>
  <testcase classname="org.overture.typechecker.tests.ClassesPpTypeCheckTest" name="test[QuadilateralPP]" time="0.107"/>
  <testcase classname="org.overture.typechecker.tests.ClassesPpTypeCheckTest" name="test[ReaderWriterPP]" time="0.018"/>
  <testcase classname="org.overture.typechecker.tests.ClassesPpTypeCheckTest" name="test[SAFERPP]" time="1.516"/>
  <testcase classname="org.overture.typechecker.tests.ClassesPpTypeCheckTest" name="test[SAFERProofPP]" time="0.063"/>
  <testcase classname="org.overture.typechecker.tests.ClassesPpTypeCheckTest" name="test[stackPP]" time="0.002"/>
  <testcase classname="org.overture.typechecker.tests.ClassesPpTypeCheckTest" name="test[NonExistingOpCallInTrace]" time="0.019"/>
  <testcase classname="org.overture.typechecker.tests.ClassesPpTypeCheckTest" name="test[TracesDublicatePP]" time="0"/>
  <testcase classname="org.overture.typechecker.tests.ClassesPpTypeCheckTest" name="test[trackerproofPP]" time="0.011"/>
  <testcase classname="org.overture.typechecker.tests.ClassesPpTypeCheckTest" name="test[trayallocationPP]" time="0.121"/>
  <testcase classname="org.overture.typechecker.tests.ClassesPpTypeCheckTest" name="test[treePP]" time="0.019"/>
  <testcase classname="org.overture.typechecker.tests.ClassesPpTypeCheckTest" name="test[VFSPP]" time="0.024"/>
  <testcase classname="org.overture.typechecker.tests.ClassesPpTypeCheckTest" name="test[webserverPP]" time="0.007"/>
  <testcase classname="org.overture.typechecker.tests.ClassesPpTypeCheckTest" name="test[worldcupPP]" time="0.3"/>
</testsuite>