<?xml version="1.0" encoding="UTF-8" ?>
<testsuite tests="50" failures="0" name="org.overture.pog.tests.newtests.PogLegacyTest" time="2.835" errors="0" skipped="0">
  <properties>
[...]
</properties>
  <testcase classname="org.overture.pog.tests.newtests.PogLegacyTest" name="testCase[0 : ACSSL.vdmsl]" time="1.277"/>
  <testcase classname="org.overture.pog.tests.newtests.PogLegacyTest" name="testCase[1 : AlarmSL.vdmsl]" time="0"/>
  <testcase classname="org.overture.pog.tests.newtests.PogLegacyTest" name="testCase[2 : AlarmproofPP.vdmpp]" time="0"/>
  <testcase classname="org.overture.pog.tests.newtests.PogLegacyTest" name="testCase[3 : AutopilotPP.vdmpp]" time="0"/>
  <testcase classname="org.overture.pog.tests.newtests.PogLegacyTest" name="testCase[4 : concfactorialPP.vdmpp]" time="0"/>
  <testcase classname="org.overture.pog.tests.newtests.PogLegacyTest" name="testCase[5 : diet2japanPP.vdmpp]" time="0"/>
  <testcase classname="org.overture.pog.tests.newtests.PogLegacyTest" name="testCase[6 : DiningPP.vdmpp]" time="0"/>
  <testcase classname="org.overture.pog.tests.newtests.PogLegacyTest" name="testCase[7 : FactorialPP.vdmpp]" time="0"/>
  <testcase classname="org.overture.pog.tests.newtests.PogLegacyTest" name="testCase[8 : HomeAutomationConcPP.vdmpp]" time="0"/>
  <testcase classname="org.overture.pog.tests.newtests.PogLegacyTest" name="testCase[9 : HomeautomationSeqPP.vdmpp]" time="0"/>
  <testcase classname="org.overture.pog.tests.newtests.PogLegacyTest" name="testCase[10 : memoryproofPP.vdmpp]" time="0"/>
  <testcase classname="org.overture.pog.tests.newtests.PogLegacyTest" name="testCase[11 : MondexPP.vdmpp]" time="0"/>
  <testcase classname="org.overture.pog.tests.newtests.PogLegacyTest" name="testCase[12 : PacemakerSimplePP.vdmpp]" time="0"/>
  <testcase classname="org.overture.pog.tests.newtests.PogLegacyTest" name="testCase[13 : ReaderWriterPP.vdmpp]" time="0"/>
  <testcase classname="org.overture.pog.tests.newtests.PogLegacyTest" name="testCase[14 : stackPP.vdmpp]" time="0"/>
  <testcase classname="org.overture.pog.tests.newtests.PogLegacyTest" name="testCase[15 : TailHeadSeq1.vdmpp]" time="0"/>
  <testcase classname="org.overture.pog.tests.newtests.PogLegacyTest" name="testCase[16 : VFSPP.vdmpp]" time="0"/>
  <testcase classname="org.overture.pog.tests.newtests.PogLegacyTest" name="testCase[17 : webserverPP.vdmpp]" time="0"/>
  <testcase classname="org.overture.pog.tests.newtests.PogLegacyTest" name="testCase[18 : CarNaviRadioRT.vdmrt]" time="0"/>
  <testcase classname="org.overture.pog.tests.newtests.PogLegacyTest" name="testCase[19 : HomeAutomationRT.vdmrt]" time="0"/>
  <testcase classname="org.overture.pog.tests.newtests.PogLegacyTest" name="testCase[20 : ATCSL.vdmsl]" time="0.292"/>
  <testcase classname="org.overture.pog.tests.newtests.PogLegacyTest" name="testCase[21 : barSL.vdmsl]" time="0.621"/>
  <testcase classname="org.overture.pog.tests.newtests.PogLegacyTest" name="testCase[22 : BOMSL.vdmsl]" time="0"/>
  <testcase classname="org.overture.pog.tests.newtests.PogLegacyTest" name="testCase[23 : CMSL.vdmsl]" time="0"/>
  <testcase classname="org.overture.pog.tests.newtests.PogLegacyTest" name="testCase[24 : CountryColouringSL.vdmsl]" time="0"/>
  <testcase classname="org.overture.pog.tests.newtests.PogLegacyTest" name="testCase[25 : crosswordSL.vdmsl]" time="0"/>
  <testcase classname="org.overture.pog.tests.newtests.PogLegacyTest" name="testCase[26 : DFDexampleSL.vdmsl]" time="0"/>
  <testcase classname="org.overture.pog.tests.newtests.PogLegacyTest" name="testCase[27 : expressSL.vdmsl]" time="0"/>
  <testcase classname="org.overture.pog.tests.newtests.PogLegacyTest" name="testCase[28 : gatewaySL.vdmsl]" time="0"/>
  <testcase classname="org.overture.pog.tests.newtests.PogLegacyTest" name="testCase[29 : hotelSL.vdmsl]" time="0"/>
  <testcase classname="org.overture.pog.tests.newtests.PogLegacyTest" name="testCase[30 : librarySL.vdmsl]" time="0.645"/>
  <testcase classname="org.overture.pog.tests.newtests.PogLegacyTest" name="testCase[31 : LUPSLSL.vdmsl]" time="0"/>
  <testcase classname="org.overture.pog.tests.newtests.PogLegacyTest" name="testCase[32 : MAASL.vdmsl]" time="0"/>
  <testcase classname="org.overture.pog.tests.newtests.PogLegacyTest" name="testCase[33 : monitorSL.vdmsl]" time="0"/>
  <testcase classname="org.overture.pog.tests.newtests.PogLegacyTest" name="testCase[34 : pacemakerSL.vdmsl]" time="0"/>
  <testcase classname="org.overture.pog.tests.newtests.PogLegacyTest" name="testCase[35 : PlannerSL.vdmsl]" time="0"/>
  <testcase classname="org.overture.pog.tests.newtests.PogLegacyTest" name="testCase[36 : raildirSL.vdmsl]" time="0"/>
  <testcase classname="org.overture.pog.tests.newtests.PogLegacyTest" name="testCase[37 : realmSL.vdmsl]" time="0"/>
  <testcase classname="org.overture.pog.tests.newtests.PogLegacyTest" name="testCase[38 : recursiveSL.vdmsl]" time="0"/>
  <testcase classname="org.overture.pog.tests.newtests.PogLegacyTest" name="testCase[39 : shmemSL.vdmsl]" time="0"/>
  <testcase classname="org.overture.pog.tests.newtests.PogLegacyTest" name="testCase[40 : simpleExportImport.vdmsl]" time="0"/>
  <testcase classname="org.overture.pog.tests.newtests.PogLegacyTest" name="testCase[41 : simpleExportImportTypes.vdmsl]" time="0"/>
  <testcase classname="org.overture.pog.tests.newtests.PogLegacyTest" name="testCase[42 : soccerSL.vdmsl]" time="0"/>
  <testcase classname="org.overture.pog.tests.newtests.PogLegacyTest" name="testCase[43 : telephoneSL.vdmsl]" time="0"/>
  <testcase classname="org.overture.pog.tests.newtests.PogLegacyTest" name="testCase[44 : test1.vdmsl]" time="0"/>
  <testcase classname="org.overture.pog.tests.newtests.PogLegacyTest" name="testCase[45 : test2.vdmsl]" time="0"/>
  <testcase classname="org.overture.pog.tests.newtests.PogLegacyTest" name="testCase[46 : TrackerSL.vdmsl]" time="0"/>
  <testcase classname="org.overture.pog.tests.newtests.PogLegacyTest" name="testCase[47 : trafficSL.vdmsl]" time="0"/>
  <testcase classname="org.overture.pog.tests.newtests.PogLegacyTest" name="testCase[48 : NarrowPP.vdmpp]" time="0"/>
  <testcase classname="org.overture.pog.tests.newtests.PogLegacyTest" name="testCase[49 : trackerproofPP.vdmpp]" time="0"/>
</testsuite>