<?xml version="1.0" encoding="UTF-8" ?>
<testsuite tests="107" failures="0" name="org.overture.core.tests.ParseTcAllExamplesTest" time="19.816" errors="0" skipped="0">
  <properties>
[...]
</properties>
  <testcase classname="org.overture.core.tests.ParseTcAllExamplesTest" name="testParseTc[0 : AbstractPacemakerSL]" time="0.023"/>
  <testcase classname="org.overture.core.tests.ParseTcAllExamplesTest" name="testParseTc[1 : AccountSysSL]" time="0.012"/>
  <testcase classname="org.overture.core.tests.ParseTcAllExamplesTest" name="testParseTc[2 : ACSSL]" time="0.204"/>
  <testcase classname="org.overture.core.tests.ParseTcAllExamplesTest" name="testParseTc[3 : ADTSL]" time="0.365"/>
  <testcase classname="org.overture.core.tests.ParseTcAllExamplesTest" name="testParseTc[4 : AlarmSL]" time="0.038"/>
  <testcase classname="org.overture.core.tests.ParseTcAllExamplesTest" name="testParseTc[5 : ATCSL]" time="0.178"/>
  <testcase classname="org.overture.core.tests.ParseTcAllExamplesTest" name="testParseTc[6 : barSL]" time="0.07"/>
  <testcase classname="org.overture.core.tests.ParseTcAllExamplesTest" name="testParseTc[7 : BOMSL]" time="0.043"/>
  <testcase classname="org.overture.core.tests.ParseTcAllExamplesTest" name="testParseTc[8 : cashdispenserSL]" time="0.01"/>
  <testcase classname="org.overture.core.tests.ParseTcAllExamplesTest" name="testParseTc[9 : CMSL]" time="0.036"/>
  <testcase classname="org.overture.core.tests.ParseTcAllExamplesTest" name="testParseTc[10 : ConwayGameLifeSL]" time="0.039"/>
  <testcase classname="org.overture.core.tests.ParseTcAllExamplesTest" name="testParseTc[11 : CountryColouringSL]" time="0.005"/>
  <testcase classname="org.overture.core.tests.ParseTcAllExamplesTest" name="testParseTc[12 : crosswordSL]" time="0.014"/>
  <testcase classname="org.overture.core.tests.ParseTcAllExamplesTest" name="testParseTc[13 : DFDexampleSL]" time="0.224"/>
  <testcase classname="org.overture.core.tests.ParseTcAllExamplesTest" name="testParseTc[14 : DigraphSL]" time="0.095"/>
  <testcase classname="org.overture.core.tests.ParseTcAllExamplesTest" name="testParseTc[15 : dwarfSL]" time="0.013"/>
  <testcase classname="org.overture.core.tests.ParseTcAllExamplesTest" name="testParseTc[16 : EngineSL]" time="0.009"/>
  <testcase classname="org.overture.core.tests.ParseTcAllExamplesTest" name="testParseTc[17 : expressSL]" time="0.033"/>
  <testcase classname="org.overture.core.tests.ParseTcAllExamplesTest" name="testParseTc[18 : gatewaySL]" time="0.054"/>
  <testcase classname="org.overture.core.tests.ParseTcAllExamplesTest" name="testParseTc[19 : graph-edSL]" time="0.137"/>
  <testcase classname="org.overture.core.tests.ParseTcAllExamplesTest" name="testParseTc[20 : HASLSL]" time="0.096"/>
  <testcase classname="org.overture.core.tests.ParseTcAllExamplesTest" name="testParseTc[21 : hotelSL]" time="0.01"/>
  <testcase classname="org.overture.core.tests.ParseTcAllExamplesTest" name="testParseTc[22 : librarySL]" time="0.044"/>
  <testcase classname="org.overture.core.tests.ParseTcAllExamplesTest" name="testParseTc[23 : looseSL]" time="0.181"/>
  <testcase classname="org.overture.core.tests.ParseTcAllExamplesTest" name="testParseTc[24 : LUHNSL]" time="0.024"/>
  <testcase classname="org.overture.core.tests.ParseTcAllExamplesTest" name="testParseTc[25 : LUPSL]" time="0.042"/>
  <testcase classname="org.overture.core.tests.ParseTcAllExamplesTest" name="testParseTc[26 : MAASL]" time="0.094"/>
  <testcase classname="org.overture.core.tests.ParseTcAllExamplesTest" name="testParseTc[27 : metroSL]" time="0.034"/>
  <testcase classname="org.overture.core.tests.ParseTcAllExamplesTest" name="testParseTc[28 : monitorSL]" time="0.041"/>
  <testcase classname="org.overture.core.tests.ParseTcAllExamplesTest" name="testParseTc[29 : NDBSL]" time="0.039"/>
  <testcase classname="org.overture.core.tests.ParseTcAllExamplesTest" name="testParseTc[30 : newspeakSL]" time="0.581"/>
  <testcase classname="org.overture.core.tests.ParseTcAllExamplesTest" name="testParseTc[31 : pacemakerSL]" time="0.133"/>
  <testcase classname="org.overture.core.tests.ParseTcAllExamplesTest" name="testParseTc[32 : PlannerSL]" time="0.012"/>
  <testcase classname="org.overture.core.tests.ParseTcAllExamplesTest" name="testParseTc[33 : ProgLangSL]" time="0.031"/>
  <testcase classname="org.overture.core.tests.ParseTcAllExamplesTest" name="testParseTc[34 : raildirSL]" time="0.231"/>
  <testcase classname="org.overture.core.tests.ParseTcAllExamplesTest" name="testParseTc[35 : realmSL]" time="0.16"/>
  <testcase classname="org.overture.core.tests.ParseTcAllExamplesTest" name="testParseTc[36 : recursiveSL]" time="0.059"/>
  <testcase classname="org.overture.core.tests.ParseTcAllExamplesTest" name="testParseTc[37 : SAFERSL]" time="0.106"/>
  <testcase classname="org.overture.core.tests.ParseTcAllExamplesTest" name="testParseTc[38 : shmemSL]" time="0.01"/>
  <testcase classname="org.overture.core.tests.ParseTcAllExamplesTest" name="testParseTc[39 : simulatorSL]" time="0.146"/>
  <testcase classname="org.overture.core.tests.ParseTcAllExamplesTest" name="testParseTc[40 : soccerSL]" time="0.155"/>
  <testcase classname="org.overture.core.tests.ParseTcAllExamplesTest" name="testParseTc[41 : STVSL]" time="0.12"/>
  <testcase classname="org.overture.core.tests.ParseTcAllExamplesTest" name="testParseTc[42 : telephoneSL]" time="0.026"/>
  <testcase classname="org.overture.core.tests.ParseTcAllExamplesTest" name="testParseTc[43 : Tic-tac-toeSL]" time="0.015"/>
  <testcase classname="org.overture.core.tests.ParseTcAllExamplesTest" name="testParseTc[44 : TrackerSL]" time="0.012"/>
  <testcase classname="org.overture.core.tests.ParseTcAllExamplesTest" name="testParseTc[45 : trafficSL]" time="0.005"/>
  <testcase classname="org.overture.core.tests.ParseTcAllExamplesTest" name="testParseTc[46 : VCParser-masterSL]" time="0.094"/>
  <testcase classname="org.overture.core.tests.ParseTcAllExamplesTest" name="testParseTc[47 : access-controlPP]" time="0.471"/>
  <testcase classname="org.overture.core.tests.ParseTcAllExamplesTest" name="testParseTc[48 : AlarmPP]" time="0.118"/>
  <testcase classname="org.overture.core.tests.ParseTcAllExamplesTest" name="testParseTc[49 : Alarm++proofPP]" time="0.007"/>
  <testcase classname="org.overture.core.tests.ParseTcAllExamplesTest" name="testParseTc[50 : Alarm++tracesPP]" time="0.081"/>
  <testcase classname="org.overture.core.tests.ParseTcAllExamplesTest" name="testParseTc[51 : AutomatedStockBrokerPP]" time="0.342"/>
  <testcase classname="org.overture.core.tests.ParseTcAllExamplesTest" name="testParseTc[52 : AutopilotPP]" time="0.005"/>
  <testcase classname="org.overture.core.tests.ParseTcAllExamplesTest" name="testParseTc[53 : buffersPP]" time="0.005"/>
  <testcase classname="org.overture.core.tests.ParseTcAllExamplesTest" name="testParseTc[54 : BuslinesPP]" time="0.437"/>
  <testcase classname="org.overture.core.tests.ParseTcAllExamplesTest" name="testParseTc[55 : BuslinesWithDBPP]" time="0.319"/>
  <testcase classname="org.overture.core.tests.ParseTcAllExamplesTest" name="testParseTc[56 : CashDispenserPP]" time="0.362"/>
  <testcase classname="org.overture.core.tests.ParseTcAllExamplesTest" name="testParseTc[57 : CashDispenserConcPP]" time="0.143"/>
  <testcase classname="org.overture.core.tests.ParseTcAllExamplesTest" name="testParseTc[58 : CMConcPP]" time="0.596"/>
  <testcase classname="org.overture.core.tests.ParseTcAllExamplesTest" name="testParseTc[59 : CMSeqPP]" time="0.309"/>
  <testcase classname="org.overture.core.tests.ParseTcAllExamplesTest" name="testParseTc[60 : CodegenPP]" time="0.635"/>
  <testcase classname="org.overture.core.tests.ParseTcAllExamplesTest" name="testParseTc[61 : concfactorialPP]" time="0.052"/>
  <testcase classname="org.overture.core.tests.ParseTcAllExamplesTest" name="testParseTc[62 : diet2japanPP]" time="0.006"/>
  <testcase classname="org.overture.core.tests.ParseTcAllExamplesTest" name="testParseTc[63 : DiningPP]" time="0.026"/>
  <testcase classname="org.overture.core.tests.ParseTcAllExamplesTest" name="testParseTc[64 : ElectronicPursePP]" time="0.006"/>
  <testcase classname="org.overture.core.tests.ParseTcAllExamplesTest" name="testParseTc[65 : EnigmaPP]" time="0.186"/>
  <testcase classname="org.overture.core.tests.ParseTcAllExamplesTest" name="testParseTc[66 : HomeAutomationConcPP]" time="0.251"/>
  <testcase classname="org.overture.core.tests.ParseTcAllExamplesTest" name="testParseTc[67 : HomeautomationSeqPP]" time="0.352"/>
  <testcase classname="org.overture.core.tests.ParseTcAllExamplesTest" name="testParseTc[68 : HubInSafeModePP]" time="0.141"/>
  <testcase classname="org.overture.core.tests.ParseTcAllExamplesTest" name="testParseTc[69 : KLVPP]" time="0.102"/>
  <testcase classname="org.overture.core.tests.ParseTcAllExamplesTest" name="testParseTc[70 : memoryproofPP]" time="0.014"/>
  <testcase classname="org.overture.core.tests.ParseTcAllExamplesTest" name="testParseTc[71 : MondexPP]" time="0.008"/>
  <testcase classname="org.overture.core.tests.ParseTcAllExamplesTest" name="testParseTc[72 : MSAWconcurPP]" time="0.272"/>
  <testcase classname="org.overture.core.tests.ParseTcAllExamplesTest" name="testParseTc[73 : MSAWseqPP]" time="0.422"/>
  <testcase classname="org.overture.core.tests.ParseTcAllExamplesTest" name="testParseTc[74 : PacemakerConcPP]" time="0.245"/>
  <testcase classname="org.overture.core.tests.ParseTcAllExamplesTest" name="testParseTc[75 : PacemakerSeqPP]" time="0.089"/>
  <testcase classname="org.overture.core.tests.ParseTcAllExamplesTest" name="testParseTc[76 : PacemakerSimplePP]" time="0.068"/>
  <testcase classname="org.overture.core.tests.ParseTcAllExamplesTest" name="testParseTc[77 : POP3PP]" time="0.295"/>
  <testcase classname="org.overture.core.tests.ParseTcAllExamplesTest" name="testParseTc[78 : ProductLinePP]" time="0.035"/>
  <testcase classname="org.overture.core.tests.ParseTcAllExamplesTest" name="testParseTc[79 : QuadilateralPP]" time="0.056"/>
  <testcase classname="org.overture.core.tests.ParseTcAllExamplesTest" name="testParseTc[80 : ReaderWriterPP]" time="0.076"/>
  <testcase classname="org.overture.core.tests.ParseTcAllExamplesTest" name="testParseTc[81 : SAFERPP]" time="0.109"/>
  <testcase classname="org.overture.core.tests.ParseTcAllExamplesTest" name="testParseTc[82 : SAFERProofPP]" time="0.041"/>
  <testcase classname="org.overture.core.tests.ParseTcAllExamplesTest" name="testParseTc[83 : SmokingPP]" time="0.037"/>
  <testcase classname="org.overture.core.tests.ParseTcAllExamplesTest" name="testParseTc[84 : SortingParcelsPP]" time="0.073"/>
  <testcase classname="org.overture.core.tests.ParseTcAllExamplesTest" name="testParseTc[85 : sortPPPP]" time="0.055"/>
  <testcase classname="org.overture.core.tests.ParseTcAllExamplesTest" name="testParseTc[86 : SSlibE2PP]" time="4.43"/>
  <testcase classname="org.overture.core.tests.ParseTcAllExamplesTest" name="testParseTc[87 : stackPP]" time="0.004"/>
  <testcase classname="org.overture.core.tests.ParseTcAllExamplesTest" name="testParseTc[88 : trackerproofPP]" time="0.22"/>
  <testcase classname="org.overture.core.tests.ParseTcAllExamplesTest" name="testParseTc[89 : trayallocationPP]" time="0.622"/>
  <testcase classname="org.overture.core.tests.ParseTcAllExamplesTest" name="testParseTc[90 : treePP]" time="0.137"/>
  <testcase classname="org.overture.core.tests.ParseTcAllExamplesTest" name="testParseTc[91 : VFSPP]" time="0.036"/>
  <testcase classname="org.overture.core.tests.ParseTcAllExamplesTest" name="testParseTc[92 : webserverPP]" time="0.036"/>
  <testcase classname="org.overture.core.tests.ParseTcAllExamplesTest" name="testParseTc[93 : worldcupPP]" time="0.166"/>
  <testcase classname="org.overture.core.tests.ParseTcAllExamplesTest" name="testParseTc[94 : CarNaviRadioRT]" time="0.05"/>
  <testcase classname="org.overture.core.tests.ParseTcAllExamplesTest" name="testParseTc[95 : CarNaviRadioValConjRT]" time="0.015"/>
  <testcase classname="org.overture.core.tests.ParseTcAllExamplesTest" name="testParseTc[96 : ChessWayRT]" time="0.271"/>
  <testcase classname="org.overture.core.tests.ParseTcAllExamplesTest" name="testParseTc[97 : CMRT]" time="0.112"/>
  <testcase classname="org.overture.core.tests.ParseTcAllExamplesTest" name="testParseTc[98 : CyberRailRT]" time="0.744"/>
  <testcase classname="org.overture.core.tests.ParseTcAllExamplesTest" name="testParseTc[99 : HomeAutomationRT]" time="0.096"/>
  <testcase classname="org.overture.core.tests.ParseTcAllExamplesTest" name="testParseTc[100 : iiossRT]" time="0.42"/>
  <testcase classname="org.overture.core.tests.ParseTcAllExamplesTest" name="testParseTc[101 : MSAWRT]" time="0.166"/>
  <testcase classname="org.overture.core.tests.ParseTcAllExamplesTest" name="testParseTc[102 : oldcarradioRT]" time="0.281"/>
  <testcase classname="org.overture.core.tests.ParseTcAllExamplesTest" name="testParseTc[103 : PacemakerRT]" time="0.15"/>
  <testcase classname="org.overture.core.tests.ParseTcAllExamplesTest" name="testParseTc[104 : RobotRT]" time="0.184"/>
  <testcase classname="org.overture.core.tests.ParseTcAllExamplesTest" name="testParseTc[105 : VDMRT]" time="0.416"/>
  <testcase classname="org.overture.core.tests.ParseTcAllExamplesTest" name="testParseTc[106 : VeMoRT]" time="0.31"/>
</testsuite>