<?xml version="1.0" encoding="UTF-8" ?>
<testsuite tests="41" failures="0" name="org.overture.parser.tests.SpecificationSlTestSuite" time="3.687" errors="0" skipped="0">
  <properties>
[...]
</properties>
  <testcase classname="org.overture.parser.tests.SpecificatopnSlTestCase" name="ACSSL &lt;examples&gt;" time="0.006"/>
  <testcase classname="org.overture.parser.tests.SpecificatopnSlTestCase" name="ADTSL &lt;examples&gt;" time="0"/>
  <testcase classname="org.overture.parser.tests.SpecificatopnSlTestCase" name="AlarmErrSL &lt;examples&gt;" time="0.001"/>
  <testcase classname="org.overture.parser.tests.SpecificatopnSlTestCase" name="AlarmSL &lt;examples&gt;" time="0"/>
  <testcase classname="org.overture.parser.tests.SpecificatopnSlTestCase" name="ATCSL &lt;examples&gt;" time="0"/>
  <testcase classname="org.overture.parser.tests.SpecificatopnSlTestCase" name="barSL &lt;examples&gt;" time="0.017"/>
  <testcase classname="org.overture.parser.tests.SpecificatopnSlTestCase" name="BOMSL &lt;examples&gt;" time="0.077"/>
  <testcase classname="org.overture.parser.tests.SpecificatopnSlTestCase" name="cashdispenserSL &lt;examples&gt;" time="0.037"/>
  <testcase classname="org.overture.parser.tests.SpecificatopnSlTestCase" name="CMSL &lt;examples&gt;" time="0"/>
  <testcase classname="org.overture.parser.tests.SpecificatopnSlTestCase" name="CountryColouringSL &lt;examples&gt;" time="0"/>
  <testcase classname="org.overture.parser.tests.SpecificatopnSlTestCase" name="crosswordSL &lt;examples&gt;" time="0.059"/>
  <testcase classname="org.overture.parser.tests.SpecificatopnSlTestCase" name="DFDexampleSL &lt;examples&gt;" time="0.332"/>
  <testcase classname="org.overture.parser.tests.SpecificatopnSlTestCase" name="DigraphSL &lt;examples&gt;" time="0.077"/>
  <testcase classname="org.overture.parser.tests.SpecificatopnSlTestCase" name="dwarfSL &lt;examples&gt;" time="0"/>
  <testcase classname="org.overture.parser.tests.SpecificatopnSlTestCase" name="EngineSL &lt;examples&gt;" time="0"/>
  <testcase classname="org.overture.parser.tests.SpecificatopnSlTestCase" name="expressSL &lt;examples&gt;" time="0.019"/>
  <testcase classname="org.overture.parser.tests.SpecificatopnSlTestCase" name="gatewaySL &lt;examples&gt;" time="0"/>
  <testcase classname="org.overture.parser.tests.SpecificatopnSlTestCase" name="graphedSL &lt;examples&gt;" time="0.015"/>
  <testcase classname="org.overture.parser.tests.SpecificatopnSlTestCase" name="hotelSL &lt;examples&gt;" time="0.072"/>
  <testcase classname="org.overture.parser.tests.SpecificatopnSlTestCase" name="librarySL &lt;examples&gt;" time="0.006"/>
  <testcase classname="org.overture.parser.tests.SpecificatopnSlTestCase" name="looseSL &lt;examples&gt;" time="0.103"/>
  <testcase classname="org.overture.parser.tests.SpecificatopnSlTestCase" name="LUPSLSL &lt;examples&gt;" time="0.007"/>
  <testcase classname="org.overture.parser.tests.SpecificatopnSlTestCase" name="MAASL &lt;examples&gt;" time="0.257"/>
  <testcase classname="org.overture.parser.tests.SpecificatopnSlTestCase" name="metroSL &lt;examples&gt;" time="0"/>
  <testcase classname="org.overture.parser.tests.SpecificatopnSlTestCase" name="monitorSL &lt;examples&gt;" time="0"/>
  <testcase classname="org.overture.parser.tests.SpecificatopnSlTestCase" name="NDBSL &lt;examples&gt;" time="0"/>
  <testcase classname="org.overture.parser.tests.SpecificatopnSlTestCase" name="newspeakSL &lt;examples&gt;" time="1.714"/>
  <testcase classname="org.overture.parser.tests.SpecificatopnSlTestCase" name="pacemakerSL &lt;examples&gt;" time="0.013"/>
  <testcase classname="org.overture.parser.tests.SpecificatopnSlTestCase" name="PlannerSL &lt;examples&gt;" time="0.026"/>
  <testcase classname="org.overture.parser.tests.SpecificatopnSlTestCase" name="ProgLangSL &lt;examples&gt;" time="0"/>
  <testcase classname="org.overture.parser.tests.SpecificatopnSlTestCase" name="raildirSL &lt;examples&gt;" time="0.021"/>
  <testcase classname="org.overture.parser.tests.SpecificatopnSlTestCase" name="realmSL &lt;examples&gt;" time="0.017"/>
  <testcase classname="org.overture.parser.tests.SpecificatopnSlTestCase" name="recursiveSL &lt;examples&gt;" time="0.007"/>
  <testcase classname="org.overture.parser.tests.SpecificatopnSlTestCase" name="SAFERSL &lt;examples&gt;" time="0.683"/>
  <testcase classname="org.overture.parser.tests.SpecificatopnSlTestCase" name="shmemSL &lt;examples&gt;" time="0.042"/>
  <testcase classname="org.overture.parser.tests.SpecificatopnSlTestCase" name="simulatorSL &lt;examples&gt;" time="0"/>
  <testcase classname="org.overture.parser.tests.SpecificatopnSlTestCase" name="soccerSL &lt;examples&gt;" time="0"/>
  <testcase classname="org.overture.parser.tests.SpecificatopnSlTestCase" name="STVSL &lt;examples&gt;" time="0.062"/>
  <testcase classname="org.overture.parser.tests.SpecificatopnSlTestCase" name="telephoneSL &lt;examples&gt;" time="0.005"/>
  <testcase classname="org.overture.parser.tests.SpecificatopnSlTestCase" name="TrackerSL &lt;examples&gt;" time="0.007"/>
  <testcase classname="org.overture.parser.tests.SpecificatopnSlTestCase" name="trafficSL &lt;examples&gt;" time="0.005"/>
</testsuite>